PS C:\Users\Administrator> C:\Users\Administrator\Downloads\WindowsANSI.ps1
Forcing web requests to allow TLS v1.2 (Required for requests to Chocolatey.org)
Getting latest version of the Chocolatey package for download.
Not using proxy.
Getting Chocolatey from https://community.chocolatey.org/api/v2/package/chocolatey/2.4.1.
Downloading https://community.chocolatey.org/api/v2/package/chocolatey/2.4.1 to C:\Users\ADMINI~1\AppData\Local\Temp\2\chocolatey\choc
oInstall\chocolatey.zip
Not using proxy.
Extracting C:\Users\ADMINI~1\AppData\Local\Temp\2\chocolatey\chocoInstall\chocolatey.zip to C:\Users\ADMINI~1\AppData\Local\Temp\2\cho
colatey\chocoInstall
Installing Chocolatey on the local machine
Creating ChocolateyInstall as an environment variable (targeting 'Machine') 
  Setting ChocolateyInstall to 'C:\ProgramData\chocolatey'
WARNING: It's very likely you will need to close and reopen your shell 
  before you can use choco.
Restricting write permissions to Administrators
We are setting up the Chocolatey package repository.
The packages themselves go to 'C:\ProgramData\chocolatey\lib'
  (i.e. C:\ProgramData\chocolatey\lib\yourPackageName).
A shim file for the command line goes to 'C:\ProgramData\chocolatey\bin'
  and points to an executable in 'C:\ProgramData\chocolatey\lib\yourPackageName'.

Creating Chocolatey CLI folders if they do not already exist.

chocolatey.nupkg file not installed in lib.
 Attempting to locate it from bootstrapper.
PATH environment variable does not have C:\ProgramData\chocolatey\bin in it. Adding...
WARNING: Not setting tab completion: Profile file does not exist at 'C:\Users\Administrator\Documents\WindowsPowerShell\Microsoft.Powe
rShellISE_profile.ps1'.
Chocolatey CLI (choco.exe) is now ready.
You can call choco from anywhere, command line or powershell by typing choco.
Run choco /? for a list of functions.
You may need to shut down and restart powershell and/or consoles
 first prior to using choco.
Ensuring Chocolatey commands are on the path
Ensuring chocolatey.nupkg is in the lib folder
Chocolatey v2.4.1
3 validations performed. 2 success(es), 1 warning(s), and 0 error(s).

Validation Warnings:
 - A pending system reboot request has been detected, however, this is
   being ignored due to the current Chocolatey configuration.  If you
   want to halt when this occurs, then either set the global feature
   using:
     choco feature enable --name="exitOnRebootDetected"
   or pass the option --exit-when-reboot-detected.

Installing the following packages:
openvpn
By installing, you accept licenses for the packages.
Downloading package from source 'https://community.chocolatey.org/api/v2/'

Progress: Downloading chocolatey-compatibility.extension 1.0.0... 5%

Progress: Downloading chocolatey-compatibility.extension 1.0.0... 100%

chocolatey-compatibility.extension v1.0.0 [Approved]
chocolatey-compatibility.extension package files install completed. Performing other installation steps.
 Installed/updated chocolatey-compatibility extensions.
 The install of chocolatey-compatibility.extension was successful.
  Deployed to 'C:\ProgramData\chocolatey\extensions\chocolatey-compatibility'
Downloading package from source 'https://community.chocolatey.org/api/v2/'

Progress: Downloading chocolatey-core.extension 1.4.0... 5%

Progress: Downloading chocolatey-core.extension 1.4.0... 100%

chocolatey-core.extension v1.4.0 [Approved]
chocolatey-core.extension package files install completed. Performing other installation steps.
 Installed/updated chocolatey-core extensions.
 The install of chocolatey-core.extension was successful.
  Deployed to 'C:\ProgramData\chocolatey\extensions\chocolatey-core'
Downloading package from source 'https://community.chocolatey.org/api/v2/'

Progress: Downloading openvpn 2.6.12.1... %

Progress: Downloading openvpn 2.6.12.1... 100%

openvpn v2.6.12.1 [Approved]
openvpn package files install completed. Performing other installation steps.
Installing 64-bit openvpn...
openvpn has been installed.
  openvpn may be able to be automatically uninstalled.
 The install of openvpn was successful.
  Software installed as 'msi', install location is likely default.

Chocolatey installed 3/3 packages. 
 See the log for details (C:\ProgramData\chocolatey\logs\chocolatey.log).
Set-Location : Cannot find path 'C:\Program Files\OpenVPN\easy-rsa' because it does not exist.
At C:\Users\Administrator\Downloads\WindowsANSI.ps1:13 char:1
+ Set-Location $easyRSAPath
+ ~~~~~~~~~~~~~~~~~~~~~~~~~
    + CategoryInfo          : ObjectNotFound: (C:\Program Files\OpenVPN\easy-rsa:String) [Set-Location], ItemNotFoundException
    + FullyQualifiedErrorId : PathNotFound,Microsoft.PowerShell.Commands.SetLocationCommand
 
Start-Process : This command cannot be run due to the error: The system cannot find the file specified.
At C:\Users\Administrator\Downloads\WindowsANSI.ps1:14 char:1
+ Start-Process -FilePath "$easyRSAPath\EasyRSA-Start.bat" -Wait
+ ~~~~~~~~~~~~~~~~~~~~~~~~~~~~~~~~~~~~~~~~~~~~~~~~~~~~~~~~~~~~~~
    + CategoryInfo          : InvalidOperation: (:) [Start-Process], InvalidOperationException
    + FullyQualifiedErrorId : InvalidOperationException,Microsoft.PowerShell.Commands.StartProcessCommand
 
Start-Process : This command cannot be run due to the error: The system cannot find the file specified.
At C:\Users\Administrator\Downloads\WindowsANSI.ps1:15 char:1
+ Start-Process -FilePath "$easyRSAPath\easyrsa.exe" -ArgumentList "ini ...
+ ~~~~~~~~~~~~~~~~~~~~~~~~~~~~~~~~~~~~~~~~~~~~~~~~~~~~~~~~~~~~~~~~~~~~~
    + CategoryInfo          : InvalidOperation: (:) [Start-Process], InvalidOperationException
    + FullyQualifiedErrorId : InvalidOperationException,Microsoft.PowerShell.Commands.StartProcessCommand
 
Start-Process : This command cannot be run due to the error: The system cannot find the file specified.
At C:\Users\Administrator\Downloads\WindowsANSI.ps1:16 char:1
+ Start-Process -FilePath "$easyRSAPath\easyrsa.exe" -ArgumentList "bui ...
+ ~~~~~~~~~~~~~~~~~~~~~~~~~~~~~~~~~~~~~~~~~~~~~~~~~~~~~~~~~~~~~~~~~~~~~
    + CategoryInfo          : InvalidOperation: (:) [Start-Process], InvalidOperationException
    + FullyQualifiedErrorId : InvalidOperationException,Microsoft.PowerShell.Commands.StartProcessCommand
 
Start-Process : This command cannot be run due to the error: The system cannot find the file specified.
At C:\Users\Administrator\Downloads\WindowsANSI.ps1:17 char:1
+ Start-Process -FilePath "$easyRSAPath\easyrsa.exe" -ArgumentList "bui ...
+ ~~~~~~~~~~~~~~~~~~~~~~~~~~~~~~~~~~~~~~~~~~~~~~~~~~~~~~~~~~~~~~~~~~~~~
    + CategoryInfo          : InvalidOperation: (:) [Start-Process], InvalidOperationException
    + FullyQualifiedErrorId : InvalidOperationException,Microsoft.PowerShell.Commands.StartProcessCommand
 
Start-Process : This command cannot be run due to the error: The system cannot find the file specified.
At C:\Users\Administrator\Downloads\WindowsANSI.ps1:18 char:1
+ Start-Process -FilePath "$easyRSAPath\easyrsa.exe" -ArgumentList "gen ...
+ ~~~~~~~~~~~~~~~~~~~~~~~~~~~~~~~~~~~~~~~~~~~~~~~~~~~~~~~~~~~~~~~~~~~~~
    + CategoryInfo          : InvalidOperation: (:) [Start-Process], InvalidOperationException
    + FullyQualifiedErrorId : InvalidOperationException,Microsoft.PowerShell.Commands.StartProcessCommand
 
2025-01-07 08:34:16 DEPRECATED OPTION: The option --secret is deprecated.
2025-01-07 08:34:16 WARNING: Using --genkey --secret filename is DEPRECATED.  Use --genkey secret filename instead.
Copy-Item : Cannot find path 'C:\Program Files\OpenVPN\easy-rsa\pki\ca.crt' because it does not exist.
At C:\Users\Administrator\Downloads\WindowsANSI.ps1:21 char:1
+ Copy-Item "$easyRSAPath\pki\ca.crt" "$configPath"
+ ~~~~~~~~~~~~~~~~~~~~~~~~~~~~~~~~~~~~~~~~~~~~~~~~~
    + CategoryInfo          : ObjectNotFound: (C:\Program File...-rsa\pki\ca.crt:String) [Copy-Item], ItemNotFoundException
    + FullyQualifiedErrorId : PathNotFound,Microsoft.PowerShell.Commands.CopyItemCommand
 
Copy-Item : Cannot find path 'C:\Program Files\OpenVPN\easy-rsa\pki\issued\server.crt' because it does not exist.
At C:\Users\Administrator\Downloads\WindowsANSI.ps1:22 char:1
+ Copy-Item "$easyRSAPath\pki\issued\server.crt" "$configPath"
+ ~~~~~~~~~~~~~~~~~~~~~~~~~~~~~~~~~~~~~~~~~~~~~~~~~~~~~~~~~~~~
    + CategoryInfo          : ObjectNotFound: (C:\Program File...sued\server.crt:String) [Copy-Item], ItemNotFoundException
    + FullyQualifiedErrorId : PathNotFound,Microsoft.PowerShell.Commands.CopyItemCommand
 
Copy-Item : Cannot find path 'C:\Program Files\OpenVPN\easy-rsa\pki\private\server.key' because it does not exist.
At C:\Users\Administrator\Downloads\WindowsANSI.ps1:23 char:1
+ Copy-Item "$easyRSAPath\pki\private\server.key" "$configPath"
+ ~~~~~~~~~~~~~~~~~~~~~~~~~~~~~~~~~~~~~~~~~~~~~~~~~~~~~~~~~~~~~
    + CategoryInfo          : ObjectNotFound: (C:\Program File...vate\server.key:String) [Copy-Item], ItemNotFoundException
    + FullyQualifiedErrorId : PathNotFound,Microsoft.PowerShell.Commands.CopyItemCommand
 
Copy-Item : Cannot find path 'C:\Program Files\OpenVPN\easy-rsa\pki\dh.pem' because it does not exist.
At C:\Users\Administrator\Downloads\WindowsANSI.ps1:24 char:1
+ Copy-Item "$easyRSAPath\pki\dh.pem" "$configPath"
+ ~~~~~~~~~~~~~~~~~~~~~~~~~~~~~~~~~~~~~~~~~~~~~~~~~
    + CategoryInfo          : ObjectNotFound: (C:\Program File...-rsa\pki\dh.pem:String) [Copy-Item], ItemNotFoundException
    + FullyQualifiedErrorId : PathNotFound,Microsoft.PowerShell.Commands.CopyItemCommand
 

TaskPath                                       TaskName                          State     
--------                                       --------                          -----     
\                                              OpenVPN Server                    Ready     



PS C:\Users\Administrator> 
